<?xml version="1.0" encoding="UTF-8"?>
<testng-results skipped="0" failed="0" total="1" passed="1">
  <reporter-output>
  </reporter-output>
  <suite name="Suite" duration-ms="26953" started-at="2019-04-08T14:22:28Z" finished-at="2019-04-08T14:22:55Z">
    <groups>
    </groups>
    <test name="Test" duration-ms="26953" started-at="2019-04-08T14:22:28Z" finished-at="2019-04-08T14:22:55Z">
      <class name="Project.HomePageTest">
        <test-method status="PASS" signature="initialize()[pri:0, instance:Project.HomePageTest@62bd765]" name="initialize" is-config="true" duration-ms="14387" started-at="2019-04-08T10:22:28Z" finished-at="2019-04-08T10:22:43Z">
          <reporter-output>
          </reporter-output>
        </test-method> <!-- initialize -->
        <test-method status="PASS" signature="basePageNavigation()[pri:0, instance:Project.HomePageTest@62bd765]" name="basePageNavigation" duration-ms="10049" started-at="2019-04-08T10:22:43Z" finished-at="2019-04-08T10:22:53Z">
          <reporter-output>
          </reporter-output>
        </test-method> <!-- basePageNavigation -->
        <test-method status="PASS" signature="teardown()[pri:0, instance:Project.HomePageTest@62bd765]" name="teardown" is-config="true" duration-ms="2454" started-at="2019-04-08T10:22:53Z" finished-at="2019-04-08T10:22:55Z">
          <reporter-output>
          </reporter-output>
        </test-method> <!-- teardown -->
      </class> <!-- Project.HomePageTest -->
    </test> <!-- Test -->
  </suite> <!-- Suite -->
</testng-results>
